<?xml version="1.0" encoding="UTF-8"?>
<!-- Generated by org.testng.reporters.JUnitXMLReporter -->
<testsuite hostname="DESKTOP-V82IFM3" name="Telecom" tests="2" failures="1" timestamp="18 Apr 2021 13:16:00 GMT" time="42.505" errors="0">
  <testcase name="HomeScreenValidation" time="0.533" classname="com.telecom.test.HomeScreenUIValidation"/>
  <testcase name="addCustomer" time="0.001" classname="com.telecom.test.AddCustomerTest">
    <failure type="java.lang.NullPointerException">
      <![CDATA[java.lang.NullPointerException
	at com.telecom.pageObject.HomePage.clickMenu(HomePage.java:50)
	at com.telecom.test.AddCustomerTest.addCustomer(AddCustomerTest.java:23)
... Removed 24 stack frames]]>
    </failure>
  </testcase> <!-- addCustomer -->
</testsuite> <!-- Telecom -->
