<?xml version="1.0" encoding="UTF-8"?>
<!-- Generated by org.testng.reporters.JUnitXMLReporter -->
<testsuite hostname="DESKTOP-V82IFM3" name="UIValidation" tests="1" failures="1" timestamp="18 Apr 2021 18:08:02 GMT" time="24.743" errors="0">
  <testcase name="HomeScreenValidation" time="0.434" classname="com.telecom.test.HomeScreenUIValidation">
    <failure type="java.lang.AssertionError" message="expected [Pay Billingg] but found [Pay Billing]">
      <![CDATA[java.lang.AssertionError: expected [Pay Billingg] but found [Pay Billing]
	at com.telecom.test.HomeScreenUIValidation.HomeScreenValidation(HomeScreenUIValidation.java:22)
... Removed 29 stack frames]]>
    </failure>
  </testcase> <!-- HomeScreenValidation -->
</testsuite> <!-- UIValidation -->
